<?xml version="1.0" encoding="UTF-8"?>
<!-- Generated by org.testng.reporters.JUnitReportReporter -->
<testsuite hostname="XHYD-VIJAY" failures="0" tests="1" name="TestRunner.TestRunner" time="0.045" errors="0" timestamp="2024-05-02T12:23:59 IST" skipped="0">
  <testcase classname="TestRunner.TestRunner" name="runScenario" time="0.045"/>
  <system-out/>
</testsuite> <!-- TestRunner.TestRunner -->
